<?xml version="1.0" encoding="UTF-8"?>
<!-- Generated by org.testng.reporters.JUnitReportReporter -->
<testsuite hostname="DESKTOP-6JINMTP" failures="0" tests="3" name="com.rest.api.get.GETBDDAPI" time="3.480" errors="0" timestamp="2022-09-01T20:27:58 IST" skipped="0">
  <testcase classname="com.rest.api.get.GETBDDAPI" name="getAPITest5" time="0.675"/>
  <system-out/>
  <testcase classname="com.rest.api.get.GETBDDAPI" name="getAPITest5" time="2.304"/>
  <system-out/>
  <testcase classname="com.rest.api.get.GETBDDAPI" name="getAPITest5" time="0.501"/>
  <system-out/>
</testsuite> <!-- com.rest.api.get.GETBDDAPI -->
